[2021-08-24 13:07:12.581] [sharedprocess] [info] [logs cleanup]: Starting to clean up old logs.
[2021-08-24 13:07:32.581] [sharedprocess] [info] [code cache cleanup]: Starting to clean up old code cache folders.
[2021-08-24 13:07:32.581] [sharedprocess] [info] [storage cleanup]: Starting to clean up storage folders.
[2021-08-24 13:07:42.581] [sharedprocess] [info] [language pack cache cleanup]: Starting to clean up unused language packs.
[2021-08-24 13:08:00.208] [sharedprocess] [info] Installing extension: ms-python.python
[2021-08-24 13:08:00.795] [sharedprocess] [info] Installing extension: ms-toolsai.jupyter
[2021-08-24 13:08:00.795] [sharedprocess] [info] Installing extension: ms-python.vscode-pylance
[2021-08-24 13:08:07.039] [sharedprocess] [info] Downloaded extension: ms-python.python /home/neb/.config/Code/CachedExtensionVSIXs/ms-python.python-2021.8.1159798656
[2021-08-24 13:08:08.062] [sharedprocess] [info] Downloaded extension: ms-toolsai.jupyter /home/neb/.config/Code/CachedExtensionVSIXs/ms-toolsai.jupyter-2021.8.1236758218
[2021-08-24 13:08:09.771] [sharedprocess] [info] Extracted extension to /home/neb/.vscode/extensions/.d5343b1e-8ade-4b6a-9478-448230106f67: ms-toolsai.jupyter
[2021-08-24 13:08:09.795] [sharedprocess] [info] Renamed to /home/neb/.vscode/extensions/ms-toolsai.jupyter-2021.8.1236758218
[2021-08-24 13:08:09.800] [sharedprocess] [info] Extracting completed. ms-toolsai.jupyter
[2021-08-24 13:08:11.683] [sharedprocess] [info] Extracted extension to /home/neb/.vscode/extensions/.13e2a903-443a-4cf0-ab89-596401994ca0: ms-python.python
[2021-08-24 13:08:11.723] [sharedprocess] [info] Renamed to /home/neb/.vscode/extensions/ms-python.python-2021.8.1159798656
[2021-08-24 13:08:11.728] [sharedprocess] [info] Extracting completed. ms-python.python
[2021-08-24 13:08:15.666] [sharedprocess] [info] Downloaded extension: ms-python.vscode-pylance /home/neb/.config/Code/CachedExtensionVSIXs/ms-python.vscode-pylance-2021.8.2
[2021-08-24 13:08:18.942] [sharedprocess] [info] Extracted extension to /home/neb/.vscode/extensions/.d418323d-ecff-45f8-b6a0-c8e01bf83ef8: ms-python.vscode-pylance
[2021-08-24 13:08:18.961] [sharedprocess] [info] Renamed to /home/neb/.vscode/extensions/ms-python.vscode-pylance-2021.8.2
[2021-08-24 13:08:18.964] [sharedprocess] [info] Extracting completed. ms-python.vscode-pylance
[2021-08-24 13:08:18.972] [sharedprocess] [info] Extension installed successfully: ms-toolsai.jupyter
[2021-08-24 13:08:18.972] [sharedprocess] [info] Extension installed successfully: ms-python.python
[2021-08-24 13:08:18.973] [sharedprocess] [info] Extension installed successfully: ms-python.vscode-pylance
[2021-08-25 18:21:50.531] [sharedprocess] [info] Installing extension: ms-python.vscode-pylance
[2021-08-25 18:21:52.741] [sharedprocess] [info] Downloaded extension: ms-python.vscode-pylance /home/neb/.config/Code/CachedExtensionVSIXs/ms-python.vscode-pylance-2021.8.3
[2021-08-25 18:21:56.203] [sharedprocess] [info] Extracted extension to /home/neb/.vscode/extensions/.8f74b17f-bec9-4dab-a85b-0c18c5aa189c: ms-python.vscode-pylance
[2021-08-25 18:21:56.220] [sharedprocess] [info] Renamed to /home/neb/.vscode/extensions/ms-python.vscode-pylance-2021.8.3
[2021-08-25 18:21:56.223] [sharedprocess] [info] Extracting completed. ms-python.vscode-pylance
[2021-08-25 18:21:56.234] [sharedprocess] [info] Extension installed successfully: ms-python.vscode-pylance
[2021-08-25 20:45:52.898] [sharedprocess] [info] Uninstalling extension: ms-python.vscode-pylance
[2021-08-25 20:45:53.015] [sharedprocess] [info] Successfully uninstalled extension: ms-python.vscode-pylance
