[2021-08-25 22:31:46.464] [renderer1] [error] Could not find category with ID: ms-python.python#pythonWelcome: Error: Could not find category with ID: ms-python.python#pythonWelcome
    at vscode-file://vscode-app/opt/visual-studio-code/resources/app/out/vs/workbench/workbench.desktop.main.js:1862:47579
    at l.fire (vscode-file://vscode-app/opt/visual-studio-code/resources/app/out/vs/workbench/workbench.desktop.main.js:60:1712)
    at L.progressStep (vscode-file://vscode-app/opt/visual-studio-code/resources/app/out/vs/workbench/workbench.desktop.main.js:1712:52091)
    at vscode-file://vscode-app/opt/visual-studio-code/resources/app/out/vs/workbench/workbench.desktop.main.js:1712:52395
    at Set.forEach (<anonymous>)
    at L.progressByEvent (vscode-file://vscode-app/opt/visual-studio-code/resources/app/out/vs/workbench/workbench.desktop.main.js:1712:52379)
    at vscode-file://vscode-app/opt/visual-studio-code/resources/app/out/vs/workbench/workbench.desktop.main.js:1712:40857
    at l.fire (vscode-file://vscode-app/opt/visual-studio-code/resources/app/out/vs/workbench/workbench.desktop.main.js:60:1712)
    at g._tryExecuteCommand (vscode-file://vscode-app/opt/visual-studio-code/resources/app/out/vs/workbench/workbench.desktop.main.js:1523:3560)
    at vscode-file://vscode-app/opt/visual-studio-code/resources/app/out/vs/workbench/workbench.desktop.main.js:1523:3245
    at async EventEmitter.<anonymous> (vscode-file://vscode-app/opt/visual-studio-code/resources/app/out/vs/workbench/workbench.desktop.main.js:2815:104541)
[2021-08-25 22:34:40.152] [renderer1] [error] TypeError: unsupported operand type(s) for -: 'NoneType' and 'int': Error: TypeError: unsupported operand type(s) for -: 'NoneType' and 'int'
	at /home/neb/.vscode/extensions/ms-python.python-2021.8.1159798656/out/client/extension.js:59:53576
	at /home/neb/.vscode/extensions/ms-python.python-2021.8.1159798656/out/client/extension.js:59:53870
	at Immediate.<anonymous> (/home/neb/.vscode/extensions/ms-python.python-2021.8.1159798656/out/client/extension.js:59:54233)
	at processImmediate (internal/timers.js:461:21)
[2021-08-25 22:36:24.640] [renderer1] [error] UnboundLocalError: local variable 'end_index' referenced before assignment: Error: UnboundLocalError: local variable 'end_index' referenced before assignment
	at /home/neb/.vscode/extensions/ms-python.python-2021.8.1159798656/out/client/extension.js:59:53576
	at /home/neb/.vscode/extensions/ms-python.python-2021.8.1159798656/out/client/extension.js:59:53870
	at Immediate.<anonymous> (/home/neb/.vscode/extensions/ms-python.python-2021.8.1159798656/out/client/extension.js:59:54233)
	at processImmediate (internal/timers.js:461:21)
[2021-08-25 22:36:26.189] [renderer1] [error] UnboundLocalError: local variable 'end_index' referenced before assignment: Error: UnboundLocalError: local variable 'end_index' referenced before assignment
	at /home/neb/.vscode/extensions/ms-python.python-2021.8.1159798656/out/client/extension.js:59:53576
	at /home/neb/.vscode/extensions/ms-python.python-2021.8.1159798656/out/client/extension.js:59:53870
	at Immediate.<anonymous> (/home/neb/.vscode/extensions/ms-python.python-2021.8.1159798656/out/client/extension.js:59:54233)
	at processImmediate (internal/timers.js:461:21)
[2021-08-25 22:36:27.221] [renderer1] [error] UnboundLocalError: local variable 'end_index' referenced before assignment: Error: UnboundLocalError: local variable 'end_index' referenced before assignment
	at /home/neb/.vscode/extensions/ms-python.python-2021.8.1159798656/out/client/extension.js:59:53576
	at /home/neb/.vscode/extensions/ms-python.python-2021.8.1159798656/out/client/extension.js:59:53870
	at Immediate.<anonymous> (/home/neb/.vscode/extensions/ms-python.python-2021.8.1159798656/out/client/extension.js:59:54233)
	at processImmediate (internal/timers.js:461:21)
[2021-08-25 22:36:29.847] [renderer1] [error] UnboundLocalError: local variable 'start_index' referenced before assignment: Error: UnboundLocalError: local variable 'start_index' referenced before assignment
	at /home/neb/.vscode/extensions/ms-python.python-2021.8.1159798656/out/client/extension.js:59:53576
	at /home/neb/.vscode/extensions/ms-python.python-2021.8.1159798656/out/client/extension.js:59:53870
	at Immediate.<anonymous> (/home/neb/.vscode/extensions/ms-python.python-2021.8.1159798656/out/client/extension.js:59:54233)
	at processImmediate (internal/timers.js:461:21)
[2021-08-25 22:36:30.673] [renderer1] [error] UnboundLocalError: local variable 'end_index' referenced before assignment: Error: UnboundLocalError: local variable 'end_index' referenced before assignment
	at /home/neb/.vscode/extensions/ms-python.python-2021.8.1159798656/out/client/extension.js:59:53576
	at /home/neb/.vscode/extensions/ms-python.python-2021.8.1159798656/out/client/extension.js:59:53870
	at Immediate.<anonymous> (/home/neb/.vscode/extensions/ms-python.python-2021.8.1159798656/out/client/extension.js:59:54233)
	at processImmediate (internal/timers.js:461:21)
[2021-08-25 22:36:31.303] [renderer1] [error] UnboundLocalError: local variable 'start_index' referenced before assignment: Error: UnboundLocalError: local variable 'start_index' referenced before assignment
	at /home/neb/.vscode/extensions/ms-python.python-2021.8.1159798656/out/client/extension.js:59:53576
	at /home/neb/.vscode/extensions/ms-python.python-2021.8.1159798656/out/client/extension.js:59:53870
	at Immediate.<anonymous> (/home/neb/.vscode/extensions/ms-python.python-2021.8.1159798656/out/client/extension.js:59:54233)
	at processImmediate (internal/timers.js:461:21)
[2021-08-25 22:36:32.388] [renderer1] [error] UnboundLocalError: local variable 'end_index' referenced before assignment: Error: UnboundLocalError: local variable 'end_index' referenced before assignment
	at /home/neb/.vscode/extensions/ms-python.python-2021.8.1159798656/out/client/extension.js:59:53576
	at /home/neb/.vscode/extensions/ms-python.python-2021.8.1159798656/out/client/extension.js:59:53870
	at Immediate.<anonymous> (/home/neb/.vscode/extensions/ms-python.python-2021.8.1159798656/out/client/extension.js:59:54233)
	at processImmediate (internal/timers.js:461:21)
[2021-08-25 22:36:33.365] [renderer1] [error] UnboundLocalError: local variable 'start_index' referenced before assignment: Error: UnboundLocalError: local variable 'start_index' referenced before assignment
	at /home/neb/.vscode/extensions/ms-python.python-2021.8.1159798656/out/client/extension.js:59:53576
	at /home/neb/.vscode/extensions/ms-python.python-2021.8.1159798656/out/client/extension.js:59:53870
	at Immediate.<anonymous> (/home/neb/.vscode/extensions/ms-python.python-2021.8.1159798656/out/client/extension.js:59:54233)
	at processImmediate (internal/timers.js:461:21)
[2021-08-25 22:37:08.752] [renderer1] [error] UnboundLocalError: local variable 'start_index' referenced before assignment: Error: UnboundLocalError: local variable 'start_index' referenced before assignment
	at /home/neb/.vscode/extensions/ms-python.python-2021.8.1159798656/out/client/extension.js:59:53576
	at /home/neb/.vscode/extensions/ms-python.python-2021.8.1159798656/out/client/extension.js:59:53870
	at Immediate.<anonymous> (/home/neb/.vscode/extensions/ms-python.python-2021.8.1159798656/out/client/extension.js:59:54233)
	at processImmediate (internal/timers.js:461:21)
[2021-08-25 23:08:43.610] [renderer1] [error] UnboundLocalError: local variable 'start_index' referenced before assignment: Error: UnboundLocalError: local variable 'start_index' referenced before assignment
	at /home/neb/.vscode/extensions/ms-python.python-2021.8.1159798656/out/client/extension.js:59:53576
	at /home/neb/.vscode/extensions/ms-python.python-2021.8.1159798656/out/client/extension.js:59:53870
	at Immediate.<anonymous> (/home/neb/.vscode/extensions/ms-python.python-2021.8.1159798656/out/client/extension.js:59:54233)
	at processImmediate (internal/timers.js:461:21)
[2021-08-26 00:31:14.264] [renderer1] [error] UnboundLocalError: local variable 'end_index' referenced before assignment: Error: UnboundLocalError: local variable 'end_index' referenced before assignment
	at /home/neb/.vscode/extensions/ms-python.python-2021.8.1159798656/out/client/extension.js:59:53576
	at /home/neb/.vscode/extensions/ms-python.python-2021.8.1159798656/out/client/extension.js:59:53870
	at Immediate.<anonymous> (/home/neb/.vscode/extensions/ms-python.python-2021.8.1159798656/out/client/extension.js:59:54233)
	at processImmediate (internal/timers.js:461:21)
[2021-08-26 10:29:06.531] [renderer1] [error] spawn truecolor ENOENT: Error: spawn truecolor ENOENT
    at Process.ChildProcess._handle.onexit (internal/child_process.js:269:19)
    at onErrorNT (internal/child_process.js:465:16)
    at processTicksAndRejections (internal/process/task_queues.js:80:21)
[2021-08-26 10:57:23.723] [renderer1] [error] Cannot read property 'items' of undefined: TypeError: Cannot read property 'items' of undefined
	at completionLengthMeasure (/home/neb/.vscode/extensions/ms-python.python-2021.8.1159798656/out/client/extension.js:59:198753)
	at p (/home/neb/.vscode/extensions/ms-python.python-2021.8.1159798656/out/client/extension.js:59:201417)
	at async z.provideCompletionItems (/opt/visual-studio-code/resources/app/out/vs/workbench/services/extensions/node/extensionHostProcess.js:85:175170)
[2021-08-26 11:03:38.599] [renderer1] [error] Thread to get completions seems to have resumed already.: Error: Thread to get completions seems to have resumed already.
    at b.handleErrorResponse (vscode-file://vscode-app/opt/visual-studio-code/resources/app/out/vs/workbench/workbench.desktop.main.js:987:33041)
    at vscode-file://vscode-app/opt/visual-studio-code/resources/app/out/vs/workbench/workbench.desktop.main.js:987:32417
    at async Object.provideCompletionItems (vscode-file://vscode-app/opt/visual-studio-code/resources/app/out/vs/workbench/workbench.desktop.main.js:2026:70349)
    at async vscode-file://vscode-app/opt/visual-studio-code/resources/app/out/vs/workbench/workbench.desktop.main.js:664:14914
    at async Promise.all (index 0)
    at async p (vscode-file://vscode-app/opt/visual-studio-code/resources/app/out/vs/workbench/workbench.desktop.main.js:664:14790)
    at async Promise.all (index 0)
[2021-08-26 11:03:39.647] [renderer1] [error] Thread to get completions seems to have resumed already.: Error: Thread to get completions seems to have resumed already.
    at b.handleErrorResponse (vscode-file://vscode-app/opt/visual-studio-code/resources/app/out/vs/workbench/workbench.desktop.main.js:987:33041)
    at vscode-file://vscode-app/opt/visual-studio-code/resources/app/out/vs/workbench/workbench.desktop.main.js:987:32417
    at async Object.provideCompletionItems (vscode-file://vscode-app/opt/visual-studio-code/resources/app/out/vs/workbench/workbench.desktop.main.js:2026:70349)
    at async vscode-file://vscode-app/opt/visual-studio-code/resources/app/out/vs/workbench/workbench.desktop.main.js:664:14914
    at async Promise.all (index 0)
    at async p (vscode-file://vscode-app/opt/visual-studio-code/resources/app/out/vs/workbench/workbench.desktop.main.js:664:14790)
    at async Promise.all (index 0)
[2021-08-26 14:39:21.776] [renderer1] [error] name must not be falsy: Error: name must not be falsy
	at Function.validate (/opt/visual-studio-code/resources/app/out/vs/workbench/services/extensions/node/extensionHostProcess.js:78:30608)
	at new a (/opt/visual-studio-code/resources/app/out/vs/workbench/services/extensions/node/extensionHostProcess.js:78:30557)
	at new a (/opt/visual-studio-code/resources/app/out/vs/workbench/services/extensions/node/extensionHostProcess.js:78:17347)
	at H (/home/neb/.vscode/extensions/yseop.vscode-yseopml-1.14.1/client/out/extension.js:1:174513)
	at Array.map (<anonymous>)
	at Object.asDocumentSymbols (/home/neb/.vscode/extensions/yseop.vscode-yseopml-1.14.1/client/out/extension.js:1:179851)
	at /home/neb/.vscode/extensions/yseop.vscode-yseopml-1.14.1/client/out/extension.js:1:26438
	at async c.provideDocumentSymbols (/opt/visual-studio-code/resources/app/out/vs/workbench/services/extensions/node/extensionHostProcess.js:85:161482)
[2021-08-26 14:39:44.649] [renderer1] [error] name must not be falsy: Error: name must not be falsy
	at Function.validate (/opt/visual-studio-code/resources/app/out/vs/workbench/services/extensions/node/extensionHostProcess.js:78:30608)
	at new a (/opt/visual-studio-code/resources/app/out/vs/workbench/services/extensions/node/extensionHostProcess.js:78:30557)
	at new a (/opt/visual-studio-code/resources/app/out/vs/workbench/services/extensions/node/extensionHostProcess.js:78:17347)
	at H (/home/neb/.vscode/extensions/yseop.vscode-yseopml-1.14.1/client/out/extension.js:1:174513)
	at Array.map (<anonymous>)
	at Object.asDocumentSymbols (/home/neb/.vscode/extensions/yseop.vscode-yseopml-1.14.1/client/out/extension.js:1:179851)
	at /home/neb/.vscode/extensions/yseop.vscode-yseopml-1.14.1/client/out/extension.js:1:26438
	at async c.provideDocumentSymbols (/opt/visual-studio-code/resources/app/out/vs/workbench/services/extensions/node/extensionHostProcess.js:85:161482)
[2021-08-26 14:40:48.654] [renderer1] [error] name must not be falsy: Error: name must not be falsy
	at Function.validate (/opt/visual-studio-code/resources/app/out/vs/workbench/services/extensions/node/extensionHostProcess.js:78:30608)
	at new a (/opt/visual-studio-code/resources/app/out/vs/workbench/services/extensions/node/extensionHostProcess.js:78:30557)
	at new a (/opt/visual-studio-code/resources/app/out/vs/workbench/services/extensions/node/extensionHostProcess.js:78:17347)
	at H (/home/neb/.vscode/extensions/yseop.vscode-yseopml-1.14.1/client/out/extension.js:1:174513)
	at Array.map (<anonymous>)
	at Object.asDocumentSymbols (/home/neb/.vscode/extensions/yseop.vscode-yseopml-1.14.1/client/out/extension.js:1:179851)
	at /home/neb/.vscode/extensions/yseop.vscode-yseopml-1.14.1/client/out/extension.js:1:26438
	at async c.provideDocumentSymbols (/opt/visual-studio-code/resources/app/out/vs/workbench/services/extensions/node/extensionHostProcess.js:85:161482)
