[2021-08-25 22:31:39.707] [sharedprocess] [info] Deleted from disk ms-python.vscode-pylance /home/neb/.vscode/extensions/ms-python.vscode-pylance-2021.8.2
[2021-08-25 22:31:39.709] [sharedprocess] [info] Deleted from disk ms-python.vscode-pylance /home/neb/.vscode/extensions/ms-python.vscode-pylance-2021.8.3
[2021-08-25 22:31:47.703] [sharedprocess] [info] [logs cleanup]: Starting to clean up old logs.
[2021-08-25 22:32:07.705] [sharedprocess] [info] [code cache cleanup]: Starting to clean up old code cache folders.
[2021-08-25 22:32:07.705] [sharedprocess] [info] [storage cleanup]: Starting to clean up storage folders.
[2021-08-25 22:32:17.707] [sharedprocess] [info] [language pack cache cleanup]: Starting to clean up unused language packs.
[2021-08-26 12:12:20.462] [sharedprocess] [info] Installing extension: helgardrichard.helium-icon-theme
[2021-08-26 12:12:21.248] [sharedprocess] [info] Downloaded extension: helgardrichard.helium-icon-theme /home/neb/.config/Code/CachedExtensionVSIXs/helgardrichard.helium-icon-theme-1.0.0
[2021-08-26 12:12:21.788] [sharedprocess] [info] Extracted extension to /home/neb/.vscode/extensions/.598a6628-435c-43d0-8f0a-8da93481fcff: helgardrichard.helium-icon-theme
[2021-08-26 12:12:21.797] [sharedprocess] [info] Renamed to /home/neb/.vscode/extensions/helgardrichard.helium-icon-theme-1.0.0
[2021-08-26 12:12:21.798] [sharedprocess] [info] Extracting completed. helgardrichard.helium-icon-theme
[2021-08-26 12:12:21.803] [sharedprocess] [info] Extension installed successfully: helgardrichard.helium-icon-theme
[2021-08-26 12:13:14.270] [sharedprocess] [info] Installing extension: pkief.material-icon-theme
[2021-08-26 12:13:14.815] [sharedprocess] [info] Downloaded extension: pkief.material-icon-theme /home/neb/.config/Code/CachedExtensionVSIXs/pkief.material-icon-theme-4.10.0
[2021-08-26 12:13:15.391] [sharedprocess] [info] Extracted extension to /home/neb/.vscode/extensions/.3cda40f2-32d4-415e-b107-fbe04e453676: pkief.material-icon-theme
[2021-08-26 12:13:15.398] [sharedprocess] [info] Renamed to /home/neb/.vscode/extensions/pkief.material-icon-theme-4.10.0
[2021-08-26 12:13:15.400] [sharedprocess] [info] Extracting completed. pkief.material-icon-theme
[2021-08-26 12:13:15.404] [sharedprocess] [info] Extension installed successfully: pkief.material-icon-theme
[2021-08-26 14:39:11.660] [sharedprocess] [info] Installing extension: yseop.vscode-yseopml
[2021-08-26 14:39:12.488] [sharedprocess] [info] Downloaded extension: yseop.vscode-yseopml /home/neb/.config/Code/CachedExtensionVSIXs/yseop.vscode-yseopml-1.14.1
[2021-08-26 14:39:13.775] [sharedprocess] [info] Extracted extension to /home/neb/.vscode/extensions/.54fe72e9-3337-422f-8585-cd38a21367c3: yseop.vscode-yseopml
[2021-08-26 14:39:13.792] [sharedprocess] [info] Renamed to /home/neb/.vscode/extensions/yseop.vscode-yseopml-1.14.1
[2021-08-26 14:39:13.796] [sharedprocess] [info] Extracting completed. yseop.vscode-yseopml
[2021-08-26 14:39:13.804] [sharedprocess] [info] Extension installed successfully: yseop.vscode-yseopml
[2021-08-26 14:41:58.801] [sharedprocess] [info] Uninstalling extension: yseop.vscode-yseopml
[2021-08-26 14:41:59.046] [sharedprocess] [info] Successfully uninstalled extension: yseop.vscode-yseopml
[2021-08-26 14:44:45.261] [sharedprocess] [info] Installing extension: monokai.theme-monokai-pro-vscode
[2021-08-26 14:44:45.899] [sharedprocess] [info] Downloaded extension: monokai.theme-monokai-pro-vscode /home/neb/.config/Code/CachedExtensionVSIXs/monokai.theme-monokai-pro-vscode-1.1.19
[2021-08-26 14:44:45.928] [sharedprocess] [info] Extracted extension to /home/neb/.vscode/extensions/.ce3066d6-edac-40e0-a747-12e893ffaa29: monokai.theme-monokai-pro-vscode
[2021-08-26 14:44:45.932] [sharedprocess] [info] Renamed to /home/neb/.vscode/extensions/monokai.theme-monokai-pro-vscode-1.1.19
[2021-08-26 14:44:45.934] [sharedprocess] [info] Extracting completed. monokai.theme-monokai-pro-vscode
[2021-08-26 14:44:45.937] [sharedprocess] [info] Extension installed successfully: monokai.theme-monokai-pro-vscode
