Info 2021-08-25 20:12:59: ZMQ install verified.
Info 2021-08-25 20:12:59: id is f1f8c47a-7867-47ea-84ef-35fc6592cfed
Error 2021-08-25 20:12:59: Jupyter Extension (Error in Failed to update settings.json, method:fixSettingsFile): [EntryNotFound (FileSystemError): Unable to read file '/home/neb/Dropbox/pie/Music_Organizer/.vscode/settings.json' (Error: Unable to resolve non-existing file '/home/neb/Dropbox/pie/Music_Organizer/.vscode/settings.json')
	at _handleError (/opt/visual-studio-code/resources/app/out/vs/workbench/services/extensions/node/extensionHostProcess.js:85:158459)
	at processTicksAndRejections (internal/process/task_queues.js:93:5)
	at async m.readFile (/home/neb/.vscode/extensions/ms-toolsai.jupyter-2021.8.1236758218/out/client/extension.js:90:560205)
	at async g.fixSettingsFile (/home/neb/.vscode/extensions/ms-toolsai.jupyter-2021.8.1236758218/out/client/extension.js:52:281266)
	at async Promise.all (index 1)
	at async g.updateSettings (/home/neb/.vscode/extensions/ms-toolsai.jupyter-2021.8.1236758218/out/client/extension.js:52:282986)] {
  code: 'FileNotFound'
}
Info 2021-08-25 20:45:56: Shutting down notebooks for b1ae3000-0126-4370-81c5-ccf6d51ab034
Info 2021-08-25 20:45:56: Disposing HostJupyterExecution 8e2eb2d1-6162-40e8-9ac2-b15dcc2776ca
Info 2021-08-25 20:45:56: Disposing super HostJupyterExecution 8e2eb2d1-6162-40e8-9ac2-b15dcc2776ca
Info 2021-08-25 20:45:56: Disposing HostJupyterExecution 8e2eb2d1-6162-40e8-9ac2-b15dcc2776ca
Info 2021-08-25 20:45:56: Finished disposing HostJupyterExecution  8e2eb2d1-6162-40e8-9ac2-b15dcc2776ca
Info 2021-08-25 20:45:56: Disposing HostJupyterExecution 8e2eb2d1-6162-40e8-9ac2-b15dcc2776ca
Info 2021-08-25 20:45:56: Finished disposing HostJupyterExecution  8e2eb2d1-6162-40e8-9ac2-b15dcc2776ca
Info 2021-08-25 20:45:56: Getting live share API during dispose HostJupyterExecution 8e2eb2d1-6162-40e8-9ac2-b15dcc2776ca
Info 2021-08-25 20:45:56: Detaching HostJupyterExecution 8e2eb2d1-6162-40e8-9ac2-b15dcc2776ca
Info 2021-08-25 20:45:56: Cleaning up server cache 8e2eb2d1-6162-40e8-9ac2-b15dcc2776ca
Info 2021-08-25 20:45:56: Finished disposing HostJupyterExecution  8e2eb2d1-6162-40e8-9ac2-b15dcc2776ca
