[2021-08-25 22:31:38.878] [exthost] [info] extension host started
[2021-08-25 22:31:38.878] [exthost] [info] Skipping acquiring lock for /home/neb/.config/Code/User/workspaceStorage/ae32cd9683d7d71fd7fabf78a6359da2.
[2021-08-25 22:31:39.072] [exthost] [info] ExtensionService#_doActivateExtension vscode.microsoft-authentication {"startup":false,"extensionId":{"value":"vscode.microsoft-authentication","_lower":"vscode.microsoft-authentication"},"activationEvent":"onAuthenticationRequest:microsoft"}
[2021-08-25 22:31:39.072] [exthost] [info] ExtensionService#loadCommonJSModule file:///opt/visual-studio-code/resources/app/extensions/microsoft-authentication/dist/extension.js
[2021-08-25 22:31:39.092] [exthost] [info] ExtensionService#_doActivateExtension vscode.debug-auto-launch {"startup":true,"extensionId":{"value":"vscode.debug-auto-launch","_lower":"vscode.debug-auto-launch"},"activationEvent":"*"}
[2021-08-25 22:31:39.092] [exthost] [info] ExtensionService#loadCommonJSModule file:///opt/visual-studio-code/resources/app/extensions/debug-auto-launch/dist/extension
[2021-08-25 22:31:39.094] [exthost] [info] ExtensionService#_doActivateExtension vscode.git {"startup":true,"extensionId":{"value":"vscode.github","_lower":"vscode.github"},"activationEvent":"*"}
[2021-08-25 22:31:39.095] [exthost] [info] ExtensionService#loadCommonJSModule file:///opt/visual-studio-code/resources/app/extensions/git/dist/main
[2021-08-25 22:31:39.257] [exthost] [info] ExtensionService#_doActivateExtension vscode.github {"startup":true,"extensionId":{"value":"vscode.github","_lower":"vscode.github"},"activationEvent":"*"}
[2021-08-25 22:31:39.257] [exthost] [info] ExtensionService#loadCommonJSModule file:///opt/visual-studio-code/resources/app/extensions/github/dist/extension.js
[2021-08-25 22:31:39.322] [exthost] [info] eager extensions activated
[2021-08-25 22:31:39.324] [exthost] [info] ExtensionService#_doActivateExtension ms-vscode.js-debug {"startup":false,"extensionId":{"value":"ms-vscode.js-debug","_lower":"ms-vscode.js-debug"},"activationEvent":"onCommand:extension.js-debug.clearAutoAttachVariables"}
[2021-08-25 22:31:39.324] [exthost] [info] ExtensionService#loadCommonJSModule file:///opt/visual-studio-code/resources/app/extensions/ms-vscode.js-debug/src/extension.js
[2021-08-25 22:31:39.519] [exthost] [info] ExtensionService#_doActivateExtension vscode.emmet {"startup":false,"extensionId":{"value":"vscode.emmet","_lower":"vscode.emmet"},"activationEvent":"onStartupFinished"}
[2021-08-25 22:31:39.519] [exthost] [info] ExtensionService#loadCommonJSModule file:///opt/visual-studio-code/resources/app/extensions/emmet/dist/node/emmetNodeMain
[2021-08-25 22:31:39.528] [exthost] [info] ExtensionService#_doActivateExtension vscode.merge-conflict {"startup":false,"extensionId":{"value":"vscode.merge-conflict","_lower":"vscode.merge-conflict"},"activationEvent":"onStartupFinished"}
[2021-08-25 22:31:39.528] [exthost] [info] ExtensionService#loadCommonJSModule file:///opt/visual-studio-code/resources/app/extensions/merge-conflict/dist/mergeConflictMain
[2021-08-25 22:31:39.633] [exthost] [info] ExtensionService#_doActivateExtension vscode.github-authentication {"startup":false,"extensionId":{"value":"vscode.github-authentication","_lower":"vscode.github-authentication"},"activationEvent":"onAuthenticationRequest:github"}
[2021-08-25 22:31:39.633] [exthost] [info] ExtensionService#loadCommonJSModule file:///opt/visual-studio-code/resources/app/extensions/github-authentication/dist/extension.js
[2021-08-25 22:32:30.977] [exthost] [info] ExtensionService#_doActivateExtension ms-python.python {"startup":false,"extensionId":{"value":"ms-python.python","_lower":"ms-python.python"},"activationEvent":"onLanguage:python"}
[2021-08-25 22:32:30.977] [exthost] [info] ExtensionService#loadCommonJSModule file:///home/neb/.vscode/extensions/ms-python.python-2021.8.1159798656/out/client/extension
[2021-08-25 22:32:31.260] [exthost] [info] ExtensionService#_doActivateExtension ms-toolsai.jupyter {"startup":false,"extensionId":{"value":"ms-toolsai.jupyter","_lower":"ms-toolsai.jupyter"},"activationEvent":"onLanguage:python"}
[2021-08-25 22:32:31.260] [exthost] [info] ExtensionService#loadCommonJSModule file:///home/neb/.vscode/extensions/ms-toolsai.jupyter-2021.8.1236758218/out/client/extension
[2021-08-25 22:34:40.150] [exthost] [error] [ms-python.python] provider FAILED
[2021-08-25 22:34:40.150] [exthost] [error] Error: TypeError: unsupported operand type(s) for -: 'NoneType' and 'int'
	at /home/neb/.vscode/extensions/ms-python.python-2021.8.1159798656/out/client/extension.js:59:53576
	at /home/neb/.vscode/extensions/ms-python.python-2021.8.1159798656/out/client/extension.js:59:53870
	at Immediate.<anonymous> (/home/neb/.vscode/extensions/ms-python.python-2021.8.1159798656/out/client/extension.js:59:54233)
	at processImmediate (internal/timers.js:461:21)
[2021-08-25 22:36:24.638] [exthost] [error] [ms-python.python] provider FAILED
[2021-08-25 22:36:24.638] [exthost] [error] Error: UnboundLocalError: local variable 'end_index' referenced before assignment
	at /home/neb/.vscode/extensions/ms-python.python-2021.8.1159798656/out/client/extension.js:59:53576
	at /home/neb/.vscode/extensions/ms-python.python-2021.8.1159798656/out/client/extension.js:59:53870
	at Immediate.<anonymous> (/home/neb/.vscode/extensions/ms-python.python-2021.8.1159798656/out/client/extension.js:59:54233)
	at processImmediate (internal/timers.js:461:21)
[2021-08-25 22:36:26.188] [exthost] [error] [ms-python.python] provider FAILED
[2021-08-25 22:36:26.188] [exthost] [error] Error: UnboundLocalError: local variable 'end_index' referenced before assignment
	at /home/neb/.vscode/extensions/ms-python.python-2021.8.1159798656/out/client/extension.js:59:53576
	at /home/neb/.vscode/extensions/ms-python.python-2021.8.1159798656/out/client/extension.js:59:53870
	at Immediate.<anonymous> (/home/neb/.vscode/extensions/ms-python.python-2021.8.1159798656/out/client/extension.js:59:54233)
	at processImmediate (internal/timers.js:461:21)
[2021-08-25 22:36:27.220] [exthost] [error] [ms-python.python] provider FAILED
[2021-08-25 22:36:27.220] [exthost] [error] Error: UnboundLocalError: local variable 'end_index' referenced before assignment
	at /home/neb/.vscode/extensions/ms-python.python-2021.8.1159798656/out/client/extension.js:59:53576
	at /home/neb/.vscode/extensions/ms-python.python-2021.8.1159798656/out/client/extension.js:59:53870
	at Immediate.<anonymous> (/home/neb/.vscode/extensions/ms-python.python-2021.8.1159798656/out/client/extension.js:59:54233)
	at processImmediate (internal/timers.js:461:21)
[2021-08-25 22:36:29.846] [exthost] [error] [ms-python.python] provider FAILED
[2021-08-25 22:36:29.846] [exthost] [error] Error: UnboundLocalError: local variable 'start_index' referenced before assignment
	at /home/neb/.vscode/extensions/ms-python.python-2021.8.1159798656/out/client/extension.js:59:53576
	at /home/neb/.vscode/extensions/ms-python.python-2021.8.1159798656/out/client/extension.js:59:53870
	at Immediate.<anonymous> (/home/neb/.vscode/extensions/ms-python.python-2021.8.1159798656/out/client/extension.js:59:54233)
	at processImmediate (internal/timers.js:461:21)
[2021-08-25 22:36:30.646] [exthost] [error] [ms-python.python] provider FAILED
[2021-08-25 22:36:30.646] [exthost] [error] Error: UnboundLocalError: local variable 'end_index' referenced before assignment
	at /home/neb/.vscode/extensions/ms-python.python-2021.8.1159798656/out/client/extension.js:59:53576
	at /home/neb/.vscode/extensions/ms-python.python-2021.8.1159798656/out/client/extension.js:59:53870
	at Immediate.<anonymous> (/home/neb/.vscode/extensions/ms-python.python-2021.8.1159798656/out/client/extension.js:59:54233)
	at processImmediate (internal/timers.js:461:21)
[2021-08-25 22:36:31.302] [exthost] [error] [ms-python.python] provider FAILED
[2021-08-25 22:36:31.302] [exthost] [error] Error: UnboundLocalError: local variable 'start_index' referenced before assignment
	at /home/neb/.vscode/extensions/ms-python.python-2021.8.1159798656/out/client/extension.js:59:53576
	at /home/neb/.vscode/extensions/ms-python.python-2021.8.1159798656/out/client/extension.js:59:53870
	at Immediate.<anonymous> (/home/neb/.vscode/extensions/ms-python.python-2021.8.1159798656/out/client/extension.js:59:54233)
	at processImmediate (internal/timers.js:461:21)
[2021-08-25 22:36:31.936] [exthost] [error] [ms-python.python] provider FAILED
[2021-08-25 22:36:31.936] [exthost] [error] Error: UnboundLocalError: local variable 'start_index' referenced before assignment
	at /home/neb/.vscode/extensions/ms-python.python-2021.8.1159798656/out/client/extension.js:59:53576
	at /home/neb/.vscode/extensions/ms-python.python-2021.8.1159798656/out/client/extension.js:59:53870
	at Immediate.<anonymous> (/home/neb/.vscode/extensions/ms-python.python-2021.8.1159798656/out/client/extension.js:59:54233)
	at processImmediate (internal/timers.js:461:21)
[2021-08-25 22:36:32.387] [exthost] [error] [ms-python.python] provider FAILED
[2021-08-25 22:36:32.387] [exthost] [error] Error: UnboundLocalError: local variable 'end_index' referenced before assignment
	at /home/neb/.vscode/extensions/ms-python.python-2021.8.1159798656/out/client/extension.js:59:53576
	at /home/neb/.vscode/extensions/ms-python.python-2021.8.1159798656/out/client/extension.js:59:53870
	at Immediate.<anonymous> (/home/neb/.vscode/extensions/ms-python.python-2021.8.1159798656/out/client/extension.js:59:54233)
	at processImmediate (internal/timers.js:461:21)
[2021-08-25 22:36:33.364] [exthost] [error] [ms-python.python] provider FAILED
[2021-08-25 22:36:33.364] [exthost] [error] Error: UnboundLocalError: local variable 'start_index' referenced before assignment
	at /home/neb/.vscode/extensions/ms-python.python-2021.8.1159798656/out/client/extension.js:59:53576
	at /home/neb/.vscode/extensions/ms-python.python-2021.8.1159798656/out/client/extension.js:59:53870
	at Immediate.<anonymous> (/home/neb/.vscode/extensions/ms-python.python-2021.8.1159798656/out/client/extension.js:59:54233)
	at processImmediate (internal/timers.js:461:21)
[2021-08-25 22:37:08.750] [exthost] [error] [ms-python.python] provider FAILED
[2021-08-25 22:37:08.750] [exthost] [error] Error: UnboundLocalError: local variable 'start_index' referenced before assignment
	at /home/neb/.vscode/extensions/ms-python.python-2021.8.1159798656/out/client/extension.js:59:53576
	at /home/neb/.vscode/extensions/ms-python.python-2021.8.1159798656/out/client/extension.js:59:53870
	at Immediate.<anonymous> (/home/neb/.vscode/extensions/ms-python.python-2021.8.1159798656/out/client/extension.js:59:54233)
	at processImmediate (internal/timers.js:461:21)
[2021-08-25 22:37:09.483] [exthost] [error] [ms-python.python] provider FAILED
[2021-08-25 22:37:09.483] [exthost] [error] Error: UnboundLocalError: local variable 'start_index' referenced before assignment
	at /home/neb/.vscode/extensions/ms-python.python-2021.8.1159798656/out/client/extension.js:59:53576
	at /home/neb/.vscode/extensions/ms-python.python-2021.8.1159798656/out/client/extension.js:59:53870
	at Immediate.<anonymous> (/home/neb/.vscode/extensions/ms-python.python-2021.8.1159798656/out/client/extension.js:59:54233)
	at processImmediate (internal/timers.js:461:21)
[2021-08-25 23:08:43.549] [exthost] [error] [ms-python.python] provider FAILED
[2021-08-25 23:08:43.549] [exthost] [error] Error: UnboundLocalError: local variable 'start_index' referenced before assignment
	at /home/neb/.vscode/extensions/ms-python.python-2021.8.1159798656/out/client/extension.js:59:53576
	at /home/neb/.vscode/extensions/ms-python.python-2021.8.1159798656/out/client/extension.js:59:53870
	at Immediate.<anonymous> (/home/neb/.vscode/extensions/ms-python.python-2021.8.1159798656/out/client/extension.js:59:54233)
	at processImmediate (internal/timers.js:461:21)
[2021-08-26 00:31:14.234] [exthost] [error] [ms-python.python] provider FAILED
[2021-08-26 00:31:14.234] [exthost] [error] Error: UnboundLocalError: local variable 'end_index' referenced before assignment
	at /home/neb/.vscode/extensions/ms-python.python-2021.8.1159798656/out/client/extension.js:59:53576
	at /home/neb/.vscode/extensions/ms-python.python-2021.8.1159798656/out/client/extension.js:59:53870
	at Immediate.<anonymous> (/home/neb/.vscode/extensions/ms-python.python-2021.8.1159798656/out/client/extension.js:59:54233)
	at processImmediate (internal/timers.js:461:21)
[2021-08-26 10:06:09.071] [exthost] [info] ExtensionService#_doActivateExtension vscode.debug-server-ready {"startup":false,"extensionId":{"value":"vscode.debug-server-ready","_lower":"vscode.debug-server-ready"},"activationEvent":"onDebugResolve"}
[2021-08-26 10:06:09.083] [exthost] [info] ExtensionService#loadCommonJSModule file:///opt/visual-studio-code/resources/app/extensions/debug-server-ready/dist/extension
[2021-08-26 10:10:17.142] [exthost] [info] ExtensionService#_doActivateExtension ms-vscode.node-debug2 {"startup":false,"extensionId":{"value":"ms-vscode.node-debug","_lower":"ms-vscode.node-debug"},"activationEvent":"onDebugInitialConfigurations"}
[2021-08-26 10:10:17.143] [exthost] [info] ExtensionService#loadCommonJSModule file:///opt/visual-studio-code/resources/app/extensions/ms-vscode.node-debug2/out/src/extension
[2021-08-26 10:10:17.162] [exthost] [info] ExtensionService#_doActivateExtension ms-vscode.node-debug {"startup":false,"extensionId":{"value":"ms-vscode.node-debug","_lower":"ms-vscode.node-debug"},"activationEvent":"onDebugInitialConfigurations"}
[2021-08-26 10:10:17.162] [exthost] [info] ExtensionService#loadCommonJSModule file:///opt/visual-studio-code/resources/app/extensions/ms-vscode.node-debug/dist/extension.js
[2021-08-26 10:57:23.714] [exthost] [error] [ms-python.python] provider FAILED
[2021-08-26 10:57:23.714] [exthost] [error] TypeError: Cannot read property 'items' of undefined
	at completionLengthMeasure (/home/neb/.vscode/extensions/ms-python.python-2021.8.1159798656/out/client/extension.js:59:198753)
	at p (/home/neb/.vscode/extensions/ms-python.python-2021.8.1159798656/out/client/extension.js:59:201417)
	at async z.provideCompletionItems (/opt/visual-studio-code/resources/app/out/vs/workbench/services/extensions/node/extensionHostProcess.js:85:175170)
[2021-08-26 11:17:56.397] [exthost] [info] ExtensionService#_doActivateExtension vscode.configuration-editing {"startup":false,"extensionId":{"value":"vscode.configuration-editing","_lower":"vscode.configuration-editing"},"activationEvent":"onLanguage:jsonc"}
[2021-08-26 11:17:56.397] [exthost] [info] ExtensionService#loadCommonJSModule file:///opt/visual-studio-code/resources/app/extensions/configuration-editing/dist/configurationEditingMain
[2021-08-26 11:17:56.401] [exthost] [info] ExtensionService#_doActivateExtension vscode.json-language-features {"startup":false,"extensionId":{"value":"vscode.json-language-features","_lower":"vscode.json-language-features"},"activationEvent":"onLanguage:jsonc"}
[2021-08-26 11:17:56.401] [exthost] [info] ExtensionService#loadCommonJSModule file:///opt/visual-studio-code/resources/app/extensions/json-language-features/client/dist/node/jsonClientMain
[2021-08-26 11:17:56.426] [exthost] [info] ExtensionService#_doActivateExtension vscode.typescript-language-features {"startup":false,"extensionId":{"value":"vscode.typescript-language-features","_lower":"vscode.typescript-language-features"},"activationEvent":"onLanguage:jsonc"}
[2021-08-26 11:17:56.426] [exthost] [info] ExtensionService#loadCommonJSModule file:///opt/visual-studio-code/resources/app/extensions/typescript-language-features/dist/extension
[2021-08-26 11:29:51.929] [exthost] [info] ExtensionService#_doActivateExtension vscode.extension-editing {"startup":false,"extensionId":{"value":"vscode.extension-editing","_lower":"vscode.extension-editing"},"activationEvent":"onLanguage:json"}
[2021-08-26 11:29:51.929] [exthost] [info] ExtensionService#loadCommonJSModule file:///opt/visual-studio-code/resources/app/extensions/extension-editing/dist/extensionEditingMain
[2021-08-26 11:29:51.943] [exthost] [info] ExtensionService#_doActivateExtension vscode.npm {"startup":false,"extensionId":{"value":"vscode.npm","_lower":"vscode.npm"},"activationEvent":"onLanguage:json"}
[2021-08-26 11:29:51.943] [exthost] [info] ExtensionService#loadCommonJSModule file:///opt/visual-studio-code/resources/app/extensions/npm/dist/npmMain
[2021-08-26 12:12:22.002] [exthost] [info] ExtensionService#_doActivateExtension helgardrichard.helium-icon-theme {"startup":false,"extensionId":{"value":"helgardrichard.helium-icon-theme","_lower":"helgardrichard.helium-icon-theme"},"activationEvent":"*"}
[2021-08-26 12:12:22.002] [exthost] [info] ExtensionService#loadCommonJSModule file:///home/neb/.vscode/extensions/helgardrichard.helium-icon-theme-1.0.0/dist/extension
[2021-08-26 12:13:15.527] [exthost] [info] ExtensionService#_doActivateExtension PKief.material-icon-theme {"startup":false,"extensionId":{"value":"PKief.material-icon-theme","_lower":"pkief.material-icon-theme"},"activationEvent":"*"}
[2021-08-26 12:13:15.528] [exthost] [info] ExtensionService#loadCommonJSModule file:///home/neb/.vscode/extensions/pkief.material-icon-theme-4.10.0/dist/extension
[2021-08-26 14:39:14.233] [exthost] [info] ExtensionService#_doActivateExtension Yseop.vscode-yseopml {"startup":false,"extensionId":{"value":"Yseop.vscode-yseopml","_lower":"yseop.vscode-yseopml"},"activationEvent":"onLanguage:yml"}
[2021-08-26 14:39:14.233] [exthost] [info] ExtensionService#loadCommonJSModule file:///home/neb/.vscode/extensions/yseop.vscode-yseopml-1.14.1/client/out/extension
[2021-08-26 14:39:21.721] [exthost] [error] [Yseop.vscode-yseopml] provider FAILED
[2021-08-26 14:39:21.722] [exthost] [error] Error: name must not be falsy
	at Function.validate (/opt/visual-studio-code/resources/app/out/vs/workbench/services/extensions/node/extensionHostProcess.js:78:30608)
	at new a (/opt/visual-studio-code/resources/app/out/vs/workbench/services/extensions/node/extensionHostProcess.js:78:30557)
	at new a (/opt/visual-studio-code/resources/app/out/vs/workbench/services/extensions/node/extensionHostProcess.js:78:17347)
	at H (/home/neb/.vscode/extensions/yseop.vscode-yseopml-1.14.1/client/out/extension.js:1:174513)
	at Array.map (<anonymous>)
	at Object.asDocumentSymbols (/home/neb/.vscode/extensions/yseop.vscode-yseopml-1.14.1/client/out/extension.js:1:179851)
	at /home/neb/.vscode/extensions/yseop.vscode-yseopml-1.14.1/client/out/extension.js:1:26438
	at async c.provideDocumentSymbols (/opt/visual-studio-code/resources/app/out/vs/workbench/services/extensions/node/extensionHostProcess.js:85:161482)
[2021-08-26 14:39:44.638] [exthost] [error] [Yseop.vscode-yseopml] provider FAILED
[2021-08-26 14:39:44.639] [exthost] [error] Error: name must not be falsy
	at Function.validate (/opt/visual-studio-code/resources/app/out/vs/workbench/services/extensions/node/extensionHostProcess.js:78:30608)
	at new a (/opt/visual-studio-code/resources/app/out/vs/workbench/services/extensions/node/extensionHostProcess.js:78:30557)
	at new a (/opt/visual-studio-code/resources/app/out/vs/workbench/services/extensions/node/extensionHostProcess.js:78:17347)
	at H (/home/neb/.vscode/extensions/yseop.vscode-yseopml-1.14.1/client/out/extension.js:1:174513)
	at Array.map (<anonymous>)
	at Object.asDocumentSymbols (/home/neb/.vscode/extensions/yseop.vscode-yseopml-1.14.1/client/out/extension.js:1:179851)
	at /home/neb/.vscode/extensions/yseop.vscode-yseopml-1.14.1/client/out/extension.js:1:26438
	at async c.provideDocumentSymbols (/opt/visual-studio-code/resources/app/out/vs/workbench/services/extensions/node/extensionHostProcess.js:85:161482)
[2021-08-26 14:39:45.156] [exthost] [error] [Yseop.vscode-yseopml] provider FAILED
[2021-08-26 14:39:45.157] [exthost] [error] Error: name must not be falsy
	at Function.validate (/opt/visual-studio-code/resources/app/out/vs/workbench/services/extensions/node/extensionHostProcess.js:78:30608)
	at new a (/opt/visual-studio-code/resources/app/out/vs/workbench/services/extensions/node/extensionHostProcess.js:78:30557)
	at new a (/opt/visual-studio-code/resources/app/out/vs/workbench/services/extensions/node/extensionHostProcess.js:78:17347)
	at H (/home/neb/.vscode/extensions/yseop.vscode-yseopml-1.14.1/client/out/extension.js:1:174513)
	at Array.map (<anonymous>)
	at Object.asDocumentSymbols (/home/neb/.vscode/extensions/yseop.vscode-yseopml-1.14.1/client/out/extension.js:1:179851)
	at /home/neb/.vscode/extensions/yseop.vscode-yseopml-1.14.1/client/out/extension.js:1:26438
	at async c.provideDocumentSymbols (/opt/visual-studio-code/resources/app/out/vs/workbench/services/extensions/node/extensionHostProcess.js:85:161482)
[2021-08-26 14:39:45.525] [exthost] [error] [Yseop.vscode-yseopml] provider FAILED
[2021-08-26 14:39:45.525] [exthost] [error] Error: name must not be falsy
	at Function.validate (/opt/visual-studio-code/resources/app/out/vs/workbench/services/extensions/node/extensionHostProcess.js:78:30608)
	at new a (/opt/visual-studio-code/resources/app/out/vs/workbench/services/extensions/node/extensionHostProcess.js:78:30557)
	at new a (/opt/visual-studio-code/resources/app/out/vs/workbench/services/extensions/node/extensionHostProcess.js:78:17347)
	at H (/home/neb/.vscode/extensions/yseop.vscode-yseopml-1.14.1/client/out/extension.js:1:174513)
	at Array.map (<anonymous>)
	at Object.asDocumentSymbols (/home/neb/.vscode/extensions/yseop.vscode-yseopml-1.14.1/client/out/extension.js:1:179851)
	at /home/neb/.vscode/extensions/yseop.vscode-yseopml-1.14.1/client/out/extension.js:1:26438
	at async c.provideDocumentSymbols (/opt/visual-studio-code/resources/app/out/vs/workbench/services/extensions/node/extensionHostProcess.js:85:161482)
[2021-08-26 14:40:48.646] [exthost] [error] [Yseop.vscode-yseopml] provider FAILED
[2021-08-26 14:40:48.647] [exthost] [error] Error: name must not be falsy
	at Function.validate (/opt/visual-studio-code/resources/app/out/vs/workbench/services/extensions/node/extensionHostProcess.js:78:30608)
	at new a (/opt/visual-studio-code/resources/app/out/vs/workbench/services/extensions/node/extensionHostProcess.js:78:30557)
	at new a (/opt/visual-studio-code/resources/app/out/vs/workbench/services/extensions/node/extensionHostProcess.js:78:17347)
	at H (/home/neb/.vscode/extensions/yseop.vscode-yseopml-1.14.1/client/out/extension.js:1:174513)
	at Array.map (<anonymous>)
	at Object.asDocumentSymbols (/home/neb/.vscode/extensions/yseop.vscode-yseopml-1.14.1/client/out/extension.js:1:179851)
	at /home/neb/.vscode/extensions/yseop.vscode-yseopml-1.14.1/client/out/extension.js:1:26438
	at async c.provideDocumentSymbols (/opt/visual-studio-code/resources/app/out/vs/workbench/services/extensions/node/extensionHostProcess.js:85:161482)
[2021-08-26 14:42:00.439] [exthost] [info] extension host terminating: renderer closed the socket
[2021-08-26 14:42:01.469] [exthost] [info] exiting with code 0
[2021-08-26 14:42:04.653] [exthost] [info] extension host started
[2021-08-26 14:42:04.653] [exthost] [info] Skipping acquiring lock for /home/neb/.config/Code/User/workspaceStorage/ae32cd9683d7d71fd7fabf78a6359da2.
[2021-08-26 14:42:05.009] [exthost] [info] ExtensionService#_doActivateExtension vscode.microsoft-authentication {"startup":false,"extensionId":{"value":"vscode.microsoft-authentication","_lower":"vscode.microsoft-authentication"},"activationEvent":"onAuthenticationRequest:microsoft"}
[2021-08-26 14:42:05.010] [exthost] [info] ExtensionService#loadCommonJSModule file:///opt/visual-studio-code/resources/app/extensions/microsoft-authentication/dist/extension.js
[2021-08-26 14:42:05.029] [exthost] [info] ExtensionService#_doActivateExtension ms-python.python {"startup":false,"extensionId":{"value":"ms-python.python","_lower":"ms-python.python"},"activationEvent":"onLanguage:python"}
[2021-08-26 14:42:05.029] [exthost] [info] ExtensionService#loadCommonJSModule file:///home/neb/.vscode/extensions/ms-python.python-2021.8.1159798656/out/client/extension
[2021-08-26 14:42:05.152] [exthost] [info] ExtensionService#_doActivateExtension ms-toolsai.jupyter {"startup":false,"extensionId":{"value":"ms-toolsai.jupyter","_lower":"ms-toolsai.jupyter"},"activationEvent":"onLanguage:python"}
[2021-08-26 14:42:05.152] [exthost] [info] ExtensionService#loadCommonJSModule file:///home/neb/.vscode/extensions/ms-toolsai.jupyter-2021.8.1236758218/out/client/extension
[2021-08-26 14:42:05.348] [exthost] [info] ExtensionService#_doActivateExtension vscode.debug-auto-launch {"startup":true,"extensionId":{"value":"vscode.debug-auto-launch","_lower":"vscode.debug-auto-launch"},"activationEvent":"*"}
[2021-08-26 14:42:05.348] [exthost] [info] ExtensionService#loadCommonJSModule file:///opt/visual-studio-code/resources/app/extensions/debug-auto-launch/dist/extension
[2021-08-26 14:42:05.351] [exthost] [info] ExtensionService#_doActivateExtension vscode.git {"startup":true,"extensionId":{"value":"vscode.github","_lower":"vscode.github"},"activationEvent":"*"}
[2021-08-26 14:42:05.352] [exthost] [info] ExtensionService#loadCommonJSModule file:///opt/visual-studio-code/resources/app/extensions/git/dist/main
[2021-08-26 14:42:05.375] [exthost] [info] ExtensionService#_doActivateExtension helgardrichard.helium-icon-theme {"startup":true,"extensionId":{"value":"helgardrichard.helium-icon-theme","_lower":"helgardrichard.helium-icon-theme"},"activationEvent":"*"}
[2021-08-26 14:42:05.375] [exthost] [info] ExtensionService#loadCommonJSModule file:///home/neb/.vscode/extensions/helgardrichard.helium-icon-theme-1.0.0/dist/extension
[2021-08-26 14:42:05.382] [exthost] [info] ExtensionService#_doActivateExtension PKief.material-icon-theme {"startup":true,"extensionId":{"value":"PKief.material-icon-theme","_lower":"pkief.material-icon-theme"},"activationEvent":"*"}
[2021-08-26 14:42:05.382] [exthost] [info] ExtensionService#loadCommonJSModule file:///home/neb/.vscode/extensions/pkief.material-icon-theme-4.10.0/dist/extension
[2021-08-26 14:42:05.819] [exthost] [info] ExtensionService#_doActivateExtension vscode.github {"startup":true,"extensionId":{"value":"vscode.github","_lower":"vscode.github"},"activationEvent":"*"}
[2021-08-26 14:42:05.819] [exthost] [info] ExtensionService#loadCommonJSModule file:///opt/visual-studio-code/resources/app/extensions/github/dist/extension.js
[2021-08-26 14:42:05.851] [exthost] [info] ExtensionService#_doActivateExtension ms-vscode.js-debug {"startup":false,"extensionId":{"value":"ms-vscode.js-debug","_lower":"ms-vscode.js-debug"},"activationEvent":"onCommand:extension.js-debug.clearAutoAttachVariables"}
[2021-08-26 14:42:05.851] [exthost] [info] ExtensionService#loadCommonJSModule file:///opt/visual-studio-code/resources/app/extensions/ms-vscode.js-debug/src/extension.js
[2021-08-26 14:42:05.993] [exthost] [info] eager extensions activated
[2021-08-26 14:42:06.051] [exthost] [info] ExtensionService#_doActivateExtension vscode.emmet {"startup":false,"extensionId":{"value":"vscode.emmet","_lower":"vscode.emmet"},"activationEvent":"onStartupFinished"}
[2021-08-26 14:42:06.051] [exthost] [info] ExtensionService#loadCommonJSModule file:///opt/visual-studio-code/resources/app/extensions/emmet/dist/node/emmetNodeMain
[2021-08-26 14:42:06.059] [exthost] [info] ExtensionService#_doActivateExtension vscode.merge-conflict {"startup":false,"extensionId":{"value":"vscode.merge-conflict","_lower":"vscode.merge-conflict"},"activationEvent":"onStartupFinished"}
[2021-08-26 14:42:06.059] [exthost] [info] ExtensionService#loadCommonJSModule file:///opt/visual-studio-code/resources/app/extensions/merge-conflict/dist/mergeConflictMain
[2021-08-26 14:42:06.083] [exthost] [info] ExtensionService#_doActivateExtension vscode.github-authentication {"startup":false,"extensionId":{"value":"vscode.github-authentication","_lower":"vscode.github-authentication"},"activationEvent":"onAuthenticationRequest:github"}
[2021-08-26 14:42:06.083] [exthost] [info] ExtensionService#loadCommonJSModule file:///opt/visual-studio-code/resources/app/extensions/github-authentication/dist/extension.js
[2021-08-26 14:44:46.092] [exthost] [info] ExtensionService#_doActivateExtension monokai.theme-monokai-pro-vscode {"startup":false,"extensionId":{"value":"monokai.theme-monokai-pro-vscode","_lower":"monokai.theme-monokai-pro-vscode"},"activationEvent":"*"}
[2021-08-26 14:44:46.092] [exthost] [info] ExtensionService#loadCommonJSModule file:///home/neb/.vscode/extensions/monokai.theme-monokai-pro-vscode-1.1.19/js/main
[2021-08-26 14:44:49.490] [exthost] [info] ExtensionService#_doActivateExtension vscode.configuration-editing {"startup":false,"extensionId":{"value":"vscode.configuration-editing","_lower":"vscode.configuration-editing"},"activationEvent":"onLanguage:jsonc"}
[2021-08-26 14:44:49.490] [exthost] [info] ExtensionService#loadCommonJSModule file:///opt/visual-studio-code/resources/app/extensions/configuration-editing/dist/configurationEditingMain
[2021-08-26 14:44:49.494] [exthost] [info] ExtensionService#_doActivateExtension vscode.json-language-features {"startup":false,"extensionId":{"value":"vscode.json-language-features","_lower":"vscode.json-language-features"},"activationEvent":"onLanguage:jsonc"}
[2021-08-26 14:44:49.494] [exthost] [info] ExtensionService#loadCommonJSModule file:///opt/visual-studio-code/resources/app/extensions/json-language-features/client/dist/node/jsonClientMain
[2021-08-26 14:44:49.511] [exthost] [info] ExtensionService#_doActivateExtension vscode.typescript-language-features {"startup":false,"extensionId":{"value":"vscode.typescript-language-features","_lower":"vscode.typescript-language-features"},"activationEvent":"onLanguage:jsonc"}
[2021-08-26 14:44:49.511] [exthost] [info] ExtensionService#loadCommonJSModule file:///opt/visual-studio-code/resources/app/extensions/typescript-language-features/dist/extension
[2021-08-26 15:23:30.796] [exthost] [info] extension host terminating: renderer closed the socket
[2021-08-26 15:23:31.817] [exthost] [info] exiting with code 0
