[2021-08-24 13:07:04.400] [exthost] [info] extension host started
[2021-08-24 13:07:04.400] [exthost] [info] Skipping acquiring lock for /home/neb/.config/Code/User/workspaceStorage/8edc8a03e0997fdb19a33a55e16c4960.
[2021-08-24 13:07:05.054] [exthost] [info] ExtensionService#_doActivateExtension vscode.microsoft-authentication {"startup":false,"extensionId":{"value":"vscode.microsoft-authentication","_lower":"vscode.microsoft-authentication"},"activationEvent":"onAuthenticationRequest:microsoft"}
[2021-08-24 13:07:05.055] [exthost] [info] ExtensionService#loadCommonJSModule file:///opt/visual-studio-code/resources/app/extensions/microsoft-authentication/dist/extension.js
[2021-08-24 13:07:05.130] [exthost] [info] ExtensionService#_doActivateExtension vscode.debug-auto-launch {"startup":true,"extensionId":{"value":"vscode.debug-auto-launch","_lower":"vscode.debug-auto-launch"},"activationEvent":"*"}
[2021-08-24 13:07:05.130] [exthost] [info] ExtensionService#loadCommonJSModule file:///opt/visual-studio-code/resources/app/extensions/debug-auto-launch/dist/extension
[2021-08-24 13:07:05.135] [exthost] [info] ExtensionService#_doActivateExtension vscode.git {"startup":true,"extensionId":{"value":"vscode.github","_lower":"vscode.github"},"activationEvent":"*"}
[2021-08-24 13:07:05.135] [exthost] [info] ExtensionService#loadCommonJSModule file:///opt/visual-studio-code/resources/app/extensions/git/dist/main
[2021-08-24 13:07:05.446] [exthost] [info] ExtensionService#_doActivateExtension vscode.github {"startup":true,"extensionId":{"value":"vscode.github","_lower":"vscode.github"},"activationEvent":"*"}
[2021-08-24 13:07:05.446] [exthost] [info] ExtensionService#loadCommonJSModule file:///opt/visual-studio-code/resources/app/extensions/github/dist/extension.js
[2021-08-24 13:07:05.465] [exthost] [info] ExtensionService#_doActivateExtension ms-vscode.js-debug {"startup":false,"extensionId":{"value":"ms-vscode.js-debug","_lower":"ms-vscode.js-debug"},"activationEvent":"onCommand:extension.js-debug.clearAutoAttachVariables"}
[2021-08-24 13:07:05.465] [exthost] [info] ExtensionService#loadCommonJSModule file:///opt/visual-studio-code/resources/app/extensions/ms-vscode.js-debug/src/extension.js
[2021-08-24 13:07:05.786] [exthost] [info] eager extensions activated
[2021-08-24 13:07:05.804] [exthost] [info] ExtensionService#_doActivateExtension vscode.github-authentication {"startup":false,"extensionId":{"value":"vscode.github-authentication","_lower":"vscode.github-authentication"},"activationEvent":"onAuthenticationRequest:github"}
[2021-08-24 13:07:05.805] [exthost] [info] ExtensionService#loadCommonJSModule file:///opt/visual-studio-code/resources/app/extensions/github-authentication/dist/extension.js
[2021-08-24 13:07:05.867] [exthost] [info] ExtensionService#_doActivateExtension vscode.emmet {"startup":false,"extensionId":{"value":"vscode.emmet","_lower":"vscode.emmet"},"activationEvent":"onStartupFinished"}
[2021-08-24 13:07:05.867] [exthost] [info] ExtensionService#loadCommonJSModule file:///opt/visual-studio-code/resources/app/extensions/emmet/dist/node/emmetNodeMain
[2021-08-24 13:07:05.891] [exthost] [info] ExtensionService#_doActivateExtension vscode.merge-conflict {"startup":false,"extensionId":{"value":"vscode.merge-conflict","_lower":"vscode.merge-conflict"},"activationEvent":"onStartupFinished"}
[2021-08-24 13:07:05.891] [exthost] [info] ExtensionService#loadCommonJSModule file:///opt/visual-studio-code/resources/app/extensions/merge-conflict/dist/mergeConflictMain
[2021-08-24 13:07:14.239] [exthost] [info] ExtensionService#_doActivateExtension vscode.configuration-editing {"startup":false,"extensionId":{"value":"vscode.configuration-editing","_lower":"vscode.configuration-editing"},"activationEvent":"onLanguage:jsonc"}
[2021-08-24 13:07:14.239] [exthost] [info] ExtensionService#loadCommonJSModule file:///opt/visual-studio-code/resources/app/extensions/configuration-editing/dist/configurationEditingMain
[2021-08-24 13:07:14.266] [exthost] [info] ExtensionService#_doActivateExtension vscode.json-language-features {"startup":false,"extensionId":{"value":"vscode.json-language-features","_lower":"vscode.json-language-features"},"activationEvent":"onLanguage:jsonc"}
[2021-08-24 13:07:14.266] [exthost] [info] ExtensionService#loadCommonJSModule file:///opt/visual-studio-code/resources/app/extensions/json-language-features/client/dist/node/jsonClientMain
[2021-08-24 13:07:14.696] [exthost] [info] ExtensionService#_doActivateExtension vscode.typescript-language-features {"startup":false,"extensionId":{"value":"vscode.typescript-language-features","_lower":"vscode.typescript-language-features"},"activationEvent":"onLanguage:jsonc"}
[2021-08-24 13:07:14.697] [exthost] [info] ExtensionService#loadCommonJSModule file:///opt/visual-studio-code/resources/app/extensions/typescript-language-features/dist/extension
[2021-08-25 20:12:58.773] [exthost] [info] ExtensionService#_doActivateExtension ms-python.python {"startup":false,"extensionId":{"value":"ms-python.vscode-pylance","_lower":"ms-python.vscode-pylance"},"activationEvent":"onLanguage:python"}
[2021-08-25 20:12:58.773] [exthost] [info] ExtensionService#loadCommonJSModule file:///home/neb/.vscode/extensions/ms-python.python-2021.8.1159798656/out/client/extension
[2021-08-25 20:12:58.979] [exthost] [info] ExtensionService#_doActivateExtension ms-toolsai.jupyter {"startup":false,"extensionId":{"value":"ms-toolsai.jupyter","_lower":"ms-toolsai.jupyter"},"activationEvent":"onLanguage:python"}
[2021-08-25 20:12:58.979] [exthost] [info] ExtensionService#loadCommonJSModule file:///home/neb/.vscode/extensions/ms-toolsai.jupyter-2021.8.1236758218/out/client/extension
[2021-08-25 20:12:59.955] [exthost] [info] ExtensionService#_doActivateExtension ms-python.vscode-pylance {"startup":false,"extensionId":{"value":"ms-python.vscode-pylance","_lower":"ms-python.vscode-pylance"},"activationEvent":"onLanguage:python"}
[2021-08-25 20:12:59.955] [exthost] [info] ExtensionService#loadCommonJSModule file:///home/neb/.vscode/extensions/ms-python.vscode-pylance-2021.8.2/dist/extension.bundle.js
[2021-08-25 20:15:18.641] [exthost] [error] [ms-python.python] provider FAILED
[2021-08-25 20:15:18.641] [exthost] [error] Canceled: Canceled
	at _.makeCancelError (/home/neb/.vscode/extensions/ms-python.python-2021.8.1159798656/out/client/extension.js:9:155434)
	at _.handleFailedRequest (/home/neb/.vscode/extensions/ms-python.python-2021.8.1159798656/out/client/extension.js:9:155285)
	at /home/neb/.vscode/extensions/ms-python.python-2021.8.1159798656/out/client/extension.js:9:123146
	at async k.provideCodeActions (/opt/visual-studio-code/resources/app/out/vs/workbench/services/extensions/node/extensionHostProcess.js:85:166936)
[2021-08-25 20:39:45.193] [exthost] [error] [ms-python.python] provider FAILED
[2021-08-25 20:39:45.193] [exthost] [error] Canceled: Canceled
	at _.makeCancelError (/home/neb/.vscode/extensions/ms-python.python-2021.8.1159798656/out/client/extension.js:9:155434)
	at _.handleFailedRequest (/home/neb/.vscode/extensions/ms-python.python-2021.8.1159798656/out/client/extension.js:9:155285)
	at /home/neb/.vscode/extensions/ms-python.python-2021.8.1159798656/out/client/extension.js:9:114835
	at async z.resolveCompletionItem (/opt/visual-studio-code/resources/app/out/vs/workbench/services/extensions/node/extensionHostProcess.js:85:175887)
[2021-08-25 20:41:30.175] [exthost] [error] [ms-python.python] provider FAILED
[2021-08-25 20:41:30.176] [exthost] [error] Canceled: Canceled
	at _.makeCancelError (/home/neb/.vscode/extensions/ms-python.python-2021.8.1159798656/out/client/extension.js:9:155434)
	at _.handleFailedRequest (/home/neb/.vscode/extensions/ms-python.python-2021.8.1159798656/out/client/extension.js:9:155285)
	at /home/neb/.vscode/extensions/ms-python.python-2021.8.1159798656/out/client/extension.js:9:114835
	at async z.resolveCompletionItem (/opt/visual-studio-code/resources/app/out/vs/workbench/services/extensions/node/extensionHostProcess.js:85:175887)
[2021-08-25 20:44:16.725] [exthost] [error] [ms-python.python] provider FAILED
[2021-08-25 20:44:16.725] [exthost] [error] Canceled: Canceled
	at _.makeCancelError (/home/neb/.vscode/extensions/ms-python.python-2021.8.1159798656/out/client/extension.js:9:155434)
	at _.handleFailedRequest (/home/neb/.vscode/extensions/ms-python.python-2021.8.1159798656/out/client/extension.js:9:155285)
	at /home/neb/.vscode/extensions/ms-python.python-2021.8.1159798656/out/client/extension.js:9:114835
	at async z.resolveCompletionItem (/opt/visual-studio-code/resources/app/out/vs/workbench/services/extensions/node/extensionHostProcess.js:85:175887)
[2021-08-25 20:44:16.863] [exthost] [error] [ms-python.python] provider FAILED
[2021-08-25 20:44:16.863] [exthost] [error] Canceled: Canceled
	at _.makeCancelError (/home/neb/.vscode/extensions/ms-python.python-2021.8.1159798656/out/client/extension.js:9:155434)
	at _.handleFailedRequest (/home/neb/.vscode/extensions/ms-python.python-2021.8.1159798656/out/client/extension.js:9:155285)
	at /home/neb/.vscode/extensions/ms-python.python-2021.8.1159798656/out/client/extension.js:9:114835
	at async z.resolveCompletionItem (/opt/visual-studio-code/resources/app/out/vs/workbench/services/extensions/node/extensionHostProcess.js:85:175887)
[2021-08-25 20:45:56.260] [exthost] [info] extension host terminating: renderer closed the socket
[2021-08-25 20:45:57.313] [exthost] [info] exiting with code 0
[2021-08-25 20:45:59.536] [exthost] [info] extension host started
[2021-08-25 20:45:59.536] [exthost] [info] Skipping acquiring lock for /home/neb/.config/Code/User/workspaceStorage/8edc8a03e0997fdb19a33a55e16c4960.
[2021-08-25 20:45:59.935] [exthost] [info] ExtensionService#_doActivateExtension vscode.microsoft-authentication {"startup":false,"extensionId":{"value":"vscode.microsoft-authentication","_lower":"vscode.microsoft-authentication"},"activationEvent":"onAuthenticationRequest:microsoft"}
[2021-08-25 20:45:59.935] [exthost] [info] ExtensionService#loadCommonJSModule file:///opt/visual-studio-code/resources/app/extensions/microsoft-authentication/dist/extension.js
[2021-08-25 20:45:59.957] [exthost] [info] ExtensionService#_doActivateExtension ms-python.python {"startup":false,"extensionId":{"value":"ms-python.python","_lower":"ms-python.python"},"activationEvent":"onLanguage:python"}
[2021-08-25 20:45:59.957] [exthost] [info] ExtensionService#loadCommonJSModule file:///home/neb/.vscode/extensions/ms-python.python-2021.8.1159798656/out/client/extension
[2021-08-25 20:46:00.107] [exthost] [info] ExtensionService#_doActivateExtension ms-toolsai.jupyter {"startup":false,"extensionId":{"value":"ms-toolsai.jupyter","_lower":"ms-toolsai.jupyter"},"activationEvent":"onLanguage:python"}
[2021-08-25 20:46:00.107] [exthost] [info] ExtensionService#loadCommonJSModule file:///home/neb/.vscode/extensions/ms-toolsai.jupyter-2021.8.1236758218/out/client/extension
[2021-08-25 20:46:00.365] [exthost] [info] ExtensionService#_doActivateExtension vscode.debug-auto-launch {"startup":true,"extensionId":{"value":"vscode.debug-auto-launch","_lower":"vscode.debug-auto-launch"},"activationEvent":"*"}
[2021-08-25 20:46:00.365] [exthost] [info] ExtensionService#loadCommonJSModule file:///opt/visual-studio-code/resources/app/extensions/debug-auto-launch/dist/extension
[2021-08-25 20:46:00.369] [exthost] [info] ExtensionService#_doActivateExtension vscode.git {"startup":true,"extensionId":{"value":"vscode.github","_lower":"vscode.github"},"activationEvent":"*"}
[2021-08-25 20:46:00.369] [exthost] [info] ExtensionService#loadCommonJSModule file:///opt/visual-studio-code/resources/app/extensions/git/dist/main
[2021-08-25 20:46:00.859] [exthost] [info] ExtensionService#_doActivateExtension vscode.github {"startup":true,"extensionId":{"value":"vscode.github","_lower":"vscode.github"},"activationEvent":"*"}
[2021-08-25 20:46:00.859] [exthost] [info] ExtensionService#loadCommonJSModule file:///opt/visual-studio-code/resources/app/extensions/github/dist/extension.js
[2021-08-25 20:46:00.895] [exthost] [info] ExtensionService#_doActivateExtension ms-vscode.js-debug {"startup":false,"extensionId":{"value":"ms-vscode.js-debug","_lower":"ms-vscode.js-debug"},"activationEvent":"onCommand:extension.js-debug.clearAutoAttachVariables"}
[2021-08-25 20:46:00.896] [exthost] [info] ExtensionService#loadCommonJSModule file:///opt/visual-studio-code/resources/app/extensions/ms-vscode.js-debug/src/extension.js
[2021-08-25 20:46:01.039] [exthost] [info] eager extensions activated
[2021-08-25 20:46:01.052] [exthost] [info] ExtensionService#_doActivateExtension vscode.emmet {"startup":false,"extensionId":{"value":"vscode.emmet","_lower":"vscode.emmet"},"activationEvent":"onStartupFinished"}
[2021-08-25 20:46:01.053] [exthost] [info] ExtensionService#loadCommonJSModule file:///opt/visual-studio-code/resources/app/extensions/emmet/dist/node/emmetNodeMain
[2021-08-25 20:46:01.063] [exthost] [info] ExtensionService#_doActivateExtension vscode.merge-conflict {"startup":false,"extensionId":{"value":"vscode.merge-conflict","_lower":"vscode.merge-conflict"},"activationEvent":"onStartupFinished"}
[2021-08-25 20:46:01.063] [exthost] [info] ExtensionService#loadCommonJSModule file:///opt/visual-studio-code/resources/app/extensions/merge-conflict/dist/mergeConflictMain
[2021-08-25 20:46:01.095] [exthost] [info] ExtensionService#_doActivateExtension vscode.github-authentication {"startup":false,"extensionId":{"value":"vscode.github-authentication","_lower":"vscode.github-authentication"},"activationEvent":"onAuthenticationRequest:github"}
[2021-08-25 20:46:01.095] [exthost] [info] ExtensionService#loadCommonJSModule file:///opt/visual-studio-code/resources/app/extensions/github-authentication/dist/extension.js
[2021-08-25 21:05:58.200] [exthost] [error] [ms-python.python] provider FAILED
[2021-08-25 21:05:58.200] [exthost] [error] Error: UnboundLocalError: local variable 'end_index' referenced before assignment
	at /home/neb/.vscode/extensions/ms-python.python-2021.8.1159798656/out/client/extension.js:59:53576
	at /home/neb/.vscode/extensions/ms-python.python-2021.8.1159798656/out/client/extension.js:59:53870
	at Immediate.<anonymous> (/home/neb/.vscode/extensions/ms-python.python-2021.8.1159798656/out/client/extension.js:59:54233)
	at processImmediate (internal/timers.js:461:21)
[2021-08-25 21:24:11.307] [exthost] [error] [ms-python.python] provider FAILED
[2021-08-25 21:24:11.307] [exthost] [error] TypeError: Cannot read property 'items' of undefined
	at completionLengthMeasure (/home/neb/.vscode/extensions/ms-python.python-2021.8.1159798656/out/client/extension.js:59:198753)
	at p (/home/neb/.vscode/extensions/ms-python.python-2021.8.1159798656/out/client/extension.js:59:201417)
	at async z.provideCompletionItems (/opt/visual-studio-code/resources/app/out/vs/workbench/services/extensions/node/extensionHostProcess.js:85:175170)
[2021-08-25 21:45:09.321] [exthost] [error] [ms-python.python] provider FAILED
[2021-08-25 21:45:09.321] [exthost] [error] TypeError: Cannot read property 'items' of undefined
	at completionLengthMeasure (/home/neb/.vscode/extensions/ms-python.python-2021.8.1159798656/out/client/extension.js:59:198753)
	at p (/home/neb/.vscode/extensions/ms-python.python-2021.8.1159798656/out/client/extension.js:59:201417)
	at async z.provideCompletionItems (/opt/visual-studio-code/resources/app/out/vs/workbench/services/extensions/node/extensionHostProcess.js:85:175170)
[2021-08-25 21:56:42.651] [exthost] [info] ExtensionService#_doActivateExtension vscode.configuration-editing {"startup":false,"extensionId":{"value":"vscode.configuration-editing","_lower":"vscode.configuration-editing"},"activationEvent":"onLanguage:jsonc"}
[2021-08-25 21:56:42.651] [exthost] [info] ExtensionService#loadCommonJSModule file:///opt/visual-studio-code/resources/app/extensions/configuration-editing/dist/configurationEditingMain
[2021-08-25 21:56:42.665] [exthost] [info] ExtensionService#_doActivateExtension vscode.json-language-features {"startup":false,"extensionId":{"value":"vscode.json-language-features","_lower":"vscode.json-language-features"},"activationEvent":"onLanguage:jsonc"}
[2021-08-25 21:56:42.665] [exthost] [info] ExtensionService#loadCommonJSModule file:///opt/visual-studio-code/resources/app/extensions/json-language-features/client/dist/node/jsonClientMain
[2021-08-25 21:56:42.690] [exthost] [info] ExtensionService#_doActivateExtension vscode.typescript-language-features {"startup":false,"extensionId":{"value":"vscode.typescript-language-features","_lower":"vscode.typescript-language-features"},"activationEvent":"onLanguage:jsonc"}
[2021-08-25 21:56:42.690] [exthost] [info] ExtensionService#loadCommonJSModule file:///opt/visual-studio-code/resources/app/extensions/typescript-language-features/dist/extension
[2021-08-25 22:31:28.547] [exthost] [info] extension host terminating: renderer closed the socket
[2021-08-25 22:31:29.703] [exthost] [info] exiting with code 0
